<?xml version="1.0" encoding="UTF-8"?>
<testng-results skipped="0" failed="0" ignored="0" total="2" passed="2">
  <reporter-output>
  </reporter-output>
  <suite name="FREE ebay Application Test Automation Test Suite" duration-ms="14111" started-at="2022-02-10T06:02:07Z" finished-at="2022-02-10T06:02:21Z">
    <groups>
    </groups>
    <test name="Free ebay App Test Cases" duration-ms="14111" started-at="2022-02-10T06:02:07Z" finished-at="2022-02-10T06:02:21Z">
      <class name="tests.LoginTest">
        <test-method status="PASS" signature="setUp()[pri:0, instance:tests.LoginTest@548b7f67]" name="setUp" is-config="true" duration-ms="2835" started-at="2022-02-10T06:02:18Z" finished-at="2022-02-10T06:02:20Z">
          <reporter-output>
          </reporter-output>
        </test-method> <!-- setUp -->
        <test-method status="PASS" signature="verifyLoginTitleTest()[pri:1, instance:tests.LoginTest@548b7f67]" name="verifyLoginTitleTest" duration-ms="19" started-at="2022-02-10T06:02:20Z" finished-at="2022-02-10T06:02:20Z">
          <reporter-output>
          </reporter-output>
        </test-method> <!-- verifyLoginTitleTest -->
        <test-method status="PASS" signature="tearDown()[pri:0, instance:tests.LoginTest@548b7f67]" name="tearDown" is-config="true" duration-ms="741" started-at="2022-02-10T06:02:20Z" finished-at="2022-02-10T06:02:21Z">
          <reporter-output>
          </reporter-output>
        </test-method> <!-- tearDown -->
      </class> <!-- tests.LoginTest -->
      <class name="tests.HomeTest">
        <test-method status="PASS" signature="setUp()[pri:0, instance:tests.HomeTest@6d8a00e3]" name="setUp" is-config="true" duration-ms="9517" started-at="2022-02-10T06:02:07Z" finished-at="2022-02-10T06:02:17Z">
          <reporter-output>
          </reporter-output>
        </test-method> <!-- setUp -->
        <test-method status="PASS" signature="verifyHomePageTitleTest()[pri:1, instance:tests.HomeTest@6d8a00e3]" name="verifyHomePageTitleTest" duration-ms="30" started-at="2022-02-10T06:02:17Z" finished-at="2022-02-10T06:02:17Z">
          <reporter-output>
          </reporter-output>
        </test-method> <!-- verifyHomePageTitleTest -->
        <test-method status="PASS" signature="tearDown()[pri:0, instance:tests.HomeTest@6d8a00e3]" name="tearDown" is-config="true" duration-ms="935" started-at="2022-02-10T06:02:17Z" finished-at="2022-02-10T06:02:18Z">
          <reporter-output>
          </reporter-output>
        </test-method> <!-- tearDown -->
      </class> <!-- tests.HomeTest -->
    </test> <!-- Free ebay App Test Cases -->
  </suite> <!-- FREE ebay Application Test Automation Test Suite -->
</testng-results>
