<?xml version="1.0" encoding="UTF-8"?>
<testng-results skipped="0" failed="1" ignored="0" total="8" passed="7">
  <reporter-output>
  </reporter-output>
  <suite name="FREE ebay Application Test Automation Test Suite" duration-ms="90386" started-at="2022-02-10T06:20:50Z" finished-at="2022-02-10T06:22:21Z">
    <groups>
    </groups>
    <test name="Free ebay App Test Cases" duration-ms="90386" started-at="2022-02-10T06:20:50Z" finished-at="2022-02-10T06:22:21Z">
      <class name="tests.LoginTest">
        <test-method status="PASS" signature="setUp()[pri:0, instance:tests.LoginTest@3abbfa04]" name="setUp" is-config="true" duration-ms="2997" started-at="2022-02-10T06:21:00Z" finished-at="2022-02-10T06:21:03Z">
          <reporter-output>
          </reporter-output>
        </test-method> <!-- setUp -->
        <test-method status="PASS" signature="verifyLoginTitleTest()[pri:1, instance:tests.LoginTest@3abbfa04]" name="verifyLoginTitleTest" duration-ms="14" started-at="2022-02-10T06:21:03Z" finished-at="2022-02-10T06:21:03Z">
          <reporter-output>
          </reporter-output>
        </test-method> <!-- verifyLoginTitleTest -->
        <test-method status="PASS" signature="tearDown()[pri:0, instance:tests.LoginTest@3abbfa04]" name="tearDown" is-config="true" duration-ms="725" started-at="2022-02-10T06:21:03Z" finished-at="2022-02-10T06:21:04Z">
          <reporter-output>
          </reporter-output>
        </test-method> <!-- tearDown -->
        <test-method status="PASS" signature="setUp()[pri:0, instance:tests.LoginTest@3abbfa04]" name="setUp" is-config="true" duration-ms="3007" started-at="2022-02-10T06:21:33Z" finished-at="2022-02-10T06:21:36Z">
          <reporter-output>
          </reporter-output>
        </test-method> <!-- setUp -->
        <test-method status="PASS" signature="verifyWelcomeLogoTest()[pri:2, instance:tests.LoginTest@3abbfa04]" name="verifyWelcomeLogoTest" duration-ms="118" started-at="2022-02-10T06:21:36Z" finished-at="2022-02-10T06:21:36Z">
          <reporter-output>
          </reporter-output>
        </test-method> <!-- verifyWelcomeLogoTest -->
        <test-method status="PASS" signature="tearDown()[pri:0, instance:tests.LoginTest@3abbfa04]" name="tearDown" is-config="true" duration-ms="720" started-at="2022-02-10T06:21:36Z" finished-at="2022-02-10T06:21:37Z">
          <reporter-output>
          </reporter-output>
        </test-method> <!-- tearDown -->
        <test-method status="PASS" signature="setUp()[pri:0, instance:tests.LoginTest@3abbfa04]" name="setUp" is-config="true" duration-ms="2925" started-at="2022-02-10T06:22:00Z" finished-at="2022-02-10T06:22:03Z">
          <reporter-output>
          </reporter-output>
        </test-method> <!-- setUp -->
        <test-method status="PASS" signature="doLoginTest()[pri:4, instance:tests.LoginTest@3abbfa04]" name="doLoginTest" duration-ms="5186" started-at="2022-02-10T06:22:03Z" finished-at="2022-02-10T06:22:08Z">
          <reporter-output>
          </reporter-output>
        </test-method> <!-- doLoginTest -->
        <test-method status="PASS" signature="tearDown()[pri:0, instance:tests.LoginTest@3abbfa04]" name="tearDown" is-config="true" duration-ms="871" started-at="2022-02-10T06:22:08Z" finished-at="2022-02-10T06:22:09Z">
          <reporter-output>
          </reporter-output>
        </test-method> <!-- tearDown -->
      </class> <!-- tests.LoginTest -->
      <class name="tests.HomeTest">
        <test-method status="PASS" signature="setUp()[pri:0, instance:tests.HomeTest@239963d8]" name="setUp" is-config="true" duration-ms="9123" started-at="2022-02-10T06:20:50Z" finished-at="2022-02-10T06:20:59Z">
          <reporter-output>
          </reporter-output>
        </test-method> <!-- setUp -->
        <test-method status="PASS" signature="verifyHomePageTitleTest()[pri:1, instance:tests.HomeTest@239963d8]" name="verifyHomePageTitleTest" duration-ms="34" started-at="2022-02-10T06:20:59Z" finished-at="2022-02-10T06:20:59Z">
          <reporter-output>
          </reporter-output>
        </test-method> <!-- verifyHomePageTitleTest -->
        <test-method status="PASS" signature="tearDown()[pri:0, instance:tests.HomeTest@239963d8]" name="tearDown" is-config="true" duration-ms="844" started-at="2022-02-10T06:20:59Z" finished-at="2022-02-10T06:21:00Z">
          <reporter-output>
          </reporter-output>
        </test-method> <!-- tearDown -->
        <test-method status="PASS" signature="setUp()[pri:0, instance:tests.HomeTest@239963d8]" name="setUp" is-config="true" duration-ms="8289" started-at="2022-02-10T06:21:04Z" finished-at="2022-02-10T06:21:12Z">
          <reporter-output>
          </reporter-output>
        </test-method> <!-- setUp -->
        <test-method status="FAIL" signature="verifyBrand_OutletTest()[pri:2, instance:tests.HomeTest@239963d8]" name="verifyBrand_OutletTest" duration-ms="20153" started-at="2022-02-10T06:21:12Z" finished-at="2022-02-10T06:21:32Z">
          <exception class="org.openqa.selenium.NoSuchElementException">
            <message>
              <![CDATA[no such element: Unable to locate element: {"method":"link text","selector":" Brand Outlet"}
  (Session info: chrome=98.0.4758.82)
For documentation on this error, please visit: https://www.seleniumhq.org/exceptions/no_such_element.html
Build info: version: '3.141.59', revision: 'e82be7d358', time: '2018-11-14T08:17:03'
System info: host: 'DESKTOP-5GI3OCP', ip: '10.0.0.39', os.name: 'Windows 10', os.arch: 'amd64', os.version: '10.0', java.version: '1.8.0_281'
Driver info: org.openqa.selenium.chrome.ChromeDriver
Capabilities {acceptInsecureCerts: false, browserName: chrome, browserVersion: 98.0.4758.82, chrome: {chromedriverVersion: 98.0.4758.80 (7f0488e8ba0d8..., userDataDir: C:\Users\patel\AppData\Loca...}, goog:chromeOptions: {debuggerAddress: localhost:57028}, javascriptEnabled: true, networkConnectionEnabled: false, pageLoadStrategy: normal, platform: WINDOWS, platformName: WINDOWS, proxy: Proxy(), setWindowRect: true, strictFileInteractability: false, timeouts: {implicit: 0, pageLoad: 300000, script: 30000}, unhandledPromptBehavior: dismiss and notify, webauthn:extension:credBlob: true, webauthn:extension:largeBlob: true, webauthn:virtualAuthenticators: true}
Session ID: 220114736e13aa4e9912395a7053478f
*** Element info: {Using=link text, value= Brand Outlet}]]>
            </message>
            <full-stacktrace>
              <![CDATA[org.openqa.selenium.NoSuchElementException: no such element: Unable to locate element: {"method":"link text","selector":" Brand Outlet"}
  (Session info: chrome=98.0.4758.82)
For documentation on this error, please visit: https://www.seleniumhq.org/exceptions/no_such_element.html
Build info: version: '3.141.59', revision: 'e82be7d358', time: '2018-11-14T08:17:03'
System info: host: 'DESKTOP-5GI3OCP', ip: '10.0.0.39', os.name: 'Windows 10', os.arch: 'amd64', os.version: '10.0', java.version: '1.8.0_281'
Driver info: org.openqa.selenium.chrome.ChromeDriver
Capabilities {acceptInsecureCerts: false, browserName: chrome, browserVersion: 98.0.4758.82, chrome: {chromedriverVersion: 98.0.4758.80 (7f0488e8ba0d8..., userDataDir: C:\Users\patel\AppData\Loca...}, goog:chromeOptions: {debuggerAddress: localhost:57028}, javascriptEnabled: true, networkConnectionEnabled: false, pageLoadStrategy: normal, platform: WINDOWS, platformName: WINDOWS, proxy: Proxy(), setWindowRect: true, strictFileInteractability: false, timeouts: {implicit: 0, pageLoad: 300000, script: 30000}, unhandledPromptBehavior: dismiss and notify, webauthn:extension:credBlob: true, webauthn:extension:largeBlob: true, webauthn:virtualAuthenticators: true}
Session ID: 220114736e13aa4e9912395a7053478f
*** Element info: {Using=link text, value= Brand Outlet}
at sun.reflect.NativeConstructorAccessorImpl.newInstance0(Native Method)
at sun.reflect.NativeConstructorAccessorImpl.newInstance(NativeConstructorAccessorImpl.java:62)
at sun.reflect.DelegatingConstructorAccessorImpl.newInstance(DelegatingConstructorAccessorImpl.java:45)
at java.lang.reflect.Constructor.newInstance(Constructor.java:423)
at org.openqa.selenium.remote.http.W3CHttpResponseCodec.createException(W3CHttpResponseCodec.java:187)
at org.openqa.selenium.remote.http.W3CHttpResponseCodec.decode(W3CHttpResponseCodec.java:122)
at org.openqa.selenium.remote.http.W3CHttpResponseCodec.decode(W3CHttpResponseCodec.java:49)
at org.openqa.selenium.remote.HttpCommandExecutor.execute(HttpCommandExecutor.java:158)
at org.openqa.selenium.remote.service.DriverCommandExecutor.execute(DriverCommandExecutor.java:83)
at org.openqa.selenium.remote.RemoteWebDriver.execute(RemoteWebDriver.java:552)
at org.openqa.selenium.remote.RemoteWebDriver.findElement(RemoteWebDriver.java:323)
at org.openqa.selenium.remote.RemoteWebDriver.findElementByLinkText(RemoteWebDriver.java:380)
at org.openqa.selenium.By$ByLinkText.findElement(By.java:220)
at org.openqa.selenium.remote.RemoteWebDriver.findElement(RemoteWebDriver.java:315)
at org.openqa.selenium.support.pagefactory.DefaultElementLocator.findElement(DefaultElementLocator.java:69)
at org.openqa.selenium.support.pagefactory.internal.LocatingElementHandler.invoke(LocatingElementHandler.java:38)
at com.sun.proxy.$Proxy9.isDisplayed(Unknown Source)
at pages.HomePage.verifyBrandOutletLink(HomePage.java:33)
at tests.HomeTest.verifyBrand_OutletTest(HomeTest.java:38)
at sun.reflect.NativeMethodAccessorImpl.invoke0(Native Method)
at sun.reflect.NativeMethodAccessorImpl.invoke(NativeMethodAccessorImpl.java:62)
at sun.reflect.DelegatingMethodAccessorImpl.invoke(DelegatingMethodAccessorImpl.java:43)
at java.lang.reflect.Method.invoke(Method.java:498)
at org.testng.internal.MethodInvocationHelper.invokeMethod(MethodInvocationHelper.java:124)
at org.testng.internal.Invoker.invokeMethod(Invoker.java:583)
at org.testng.internal.Invoker.invokeTestMethod(Invoker.java:719)
at org.testng.internal.Invoker.invokeTestMethods(Invoker.java:989)
at org.testng.internal.TestMethodWorker.invokeTestMethods(TestMethodWorker.java:125)
at org.testng.internal.TestMethodWorker.run(TestMethodWorker.java:109)
at org.testng.TestRunner.privateRun(TestRunner.java:648)
at org.testng.TestRunner.run(TestRunner.java:505)
at org.testng.SuiteRunner.runTest(SuiteRunner.java:455)
at org.testng.SuiteRunner.access$000(SuiteRunner.java:40)
at org.testng.SuiteRunner$SuiteWorker.run(SuiteRunner.java:489)
at org.testng.internal.thread.ThreadUtil$1.call(ThreadUtil.java:52)
at java.util.concurrent.FutureTask.run(FutureTask.java:266)
at java.util.concurrent.ThreadPoolExecutor.runWorker(ThreadPoolExecutor.java:1149)
at java.util.concurrent.ThreadPoolExecutor$Worker.run(ThreadPoolExecutor.java:624)
at java.lang.Thread.run(Thread.java:748)
]]>
            </full-stacktrace>
          </exception> <!-- org.openqa.selenium.NoSuchElementException -->
          <reporter-output>
          </reporter-output>
        </test-method> <!-- verifyBrand_OutletTest -->
        <test-method status="PASS" signature="tearDown()[pri:0, instance:tests.HomeTest@239963d8]" name="tearDown" is-config="true" duration-ms="834" started-at="2022-02-10T06:21:32Z" finished-at="2022-02-10T06:21:33Z">
          <reporter-output>
          </reporter-output>
        </test-method> <!-- tearDown -->
        <test-method status="PASS" signature="setUp()[pri:0, instance:tests.HomeTest@239963d8]" name="setUp" is-config="true" duration-ms="8513" started-at="2022-02-10T06:21:37Z" finished-at="2022-02-10T06:21:46Z">
          <reporter-output>
          </reporter-output>
        </test-method> <!-- setUp -->
        <test-method status="PASS" signature="verifyFashionLinkTest()[pri:3, instance:tests.HomeTest@239963d8]" name="verifyFashionLinkTest" duration-ms="2528" started-at="2022-02-10T06:21:46Z" finished-at="2022-02-10T06:21:48Z">
          <reporter-output>
          </reporter-output>
        </test-method> <!-- verifyFashionLinkTest -->
        <test-method status="PASS" signature="tearDown()[pri:0, instance:tests.HomeTest@239963d8]" name="tearDown" is-config="true" duration-ms="814" started-at="2022-02-10T06:21:48Z" finished-at="2022-02-10T06:21:49Z">
          <reporter-output>
          </reporter-output>
        </test-method> <!-- tearDown -->
        <test-method status="PASS" signature="setUp()[pri:0, instance:tests.HomeTest@239963d8]" name="setUp" is-config="true" duration-ms="8132" started-at="2022-02-10T06:21:49Z" finished-at="2022-02-10T06:21:57Z">
          <reporter-output>
          </reporter-output>
        </test-method> <!-- setUp -->
        <test-method status="PASS" signature="verifyMotorsLink()[pri:4, instance:tests.HomeTest@239963d8]" name="verifyMotorsLink" duration-ms="1832" started-at="2022-02-10T06:21:57Z" finished-at="2022-02-10T06:21:59Z">
          <reporter-output>
          </reporter-output>
        </test-method> <!-- verifyMotorsLink -->
        <test-method status="PASS" signature="tearDown()[pri:0, instance:tests.HomeTest@239963d8]" name="tearDown" is-config="true" duration-ms="798" started-at="2022-02-10T06:21:59Z" finished-at="2022-02-10T06:22:00Z">
          <reporter-output>
          </reporter-output>
        </test-method> <!-- tearDown -->
        <test-method status="PASS" signature="setUp()[pri:0, instance:tests.HomeTest@239963d8]" name="setUp" is-config="true" duration-ms="8314" started-at="2022-02-10T06:22:09Z" finished-at="2022-02-10T06:22:17Z">
          <reporter-output>
          </reporter-output>
        </test-method> <!-- setUp -->
        <test-method status="PASS" signature="verify_Home_GardenLink()[pri:5, instance:tests.HomeTest@239963d8]" name="verify_Home_GardenLink" duration-ms="2741" started-at="2022-02-10T06:22:17Z" finished-at="2022-02-10T06:22:20Z">
          <reporter-output>
          </reporter-output>
        </test-method> <!-- verify_Home_GardenLink -->
        <test-method status="PASS" signature="tearDown()[pri:0, instance:tests.HomeTest@239963d8]" name="tearDown" is-config="true" duration-ms="818" started-at="2022-02-10T06:22:20Z" finished-at="2022-02-10T06:22:21Z">
          <reporter-output>
          </reporter-output>
        </test-method> <!-- tearDown -->
      </class> <!-- tests.HomeTest -->
    </test> <!-- Free ebay App Test Cases -->
  </suite> <!-- FREE ebay Application Test Automation Test Suite -->
</testng-results>
